<?xml version="1.0" encoding="UTF-8"?>
<testng-results ignored="0" total="2" passed="2" failed="0" skipped="0">
  <reporter-output>
  </reporter-output>
  <suite started-at="2023-03-31T23:44:20 PKT" name="Default suite" finished-at="2023-03-31T23:45:32 PKT" duration-ms="71794">
    <groups>
    </groups>
    <test started-at="2023-03-31T23:44:20 PKT" name="Default test" finished-at="2023-03-31T23:45:32 PKT" duration-ms="71794">
      <class name="tests.Registereduser">
        <test-method is-config="true" signature="reportSetUp()[pri:0, instance:tests.Registereduser@dbf57b3]" started-at="2023-03-31T23:44:20 PKT" name="reportSetUp" finished-at="2023-03-31T23:44:20 PKT" duration-ms="300" status="PASS">
          <reporter-output>
          </reporter-output>
        </test-method> <!-- reportSetUp -->
        <test-method is-config="true" signature="setup()[pri:0, instance:tests.Registereduser@dbf57b3]" started-at="2023-03-31T23:44:20 PKT" name="setup" finished-at="2023-03-31T23:44:29 PKT" depends-on-methods="ExtentReports.ERdemo.reportSetUp" duration-ms="8967" status="PASS">
          <reporter-output>
          </reporter-output>
        </test-method> <!-- setup -->
        <test-method signature="sampleTest()[pri:0, instance:tests.Registereduser@dbf57b3]" started-at="2023-03-31T23:44:29 PKT" name="sampleTest" finished-at="2023-03-31T23:44:29 PKT" duration-ms="9" status="PASS">
          <reporter-output>
          </reporter-output>
        </test-method> <!-- sampleTest -->
        <test-method signature="test_SSS_registeredchk()[pri:1, instance:tests.Registereduser@dbf57b3]" started-at="2023-03-31T23:44:29 PKT" name="test_SSS_registeredchk" finished-at="2023-03-31T23:45:31 PKT" duration-ms="61615" status="PASS">
          <reporter-output>
          </reporter-output>
        </test-method> <!-- test_SSS_registeredchk -->
        <test-method is-config="true" signature="teardown()[pri:0, instance:tests.Registereduser@dbf57b3]" started-at="2023-03-31T23:45:31 PKT" name="teardown" finished-at="2023-03-31T23:45:32 PKT" duration-ms="823" status="PASS">
          <reporter-output>
          </reporter-output>
        </test-method> <!-- teardown -->
        <test-method is-config="true" signature="reporttearDown()[pri:0, instance:tests.Registereduser@dbf57b3]" started-at="2023-03-31T23:45:32 PKT" name="reporttearDown" finished-at="2023-03-31T23:45:32 PKT" duration-ms="441" status="PASS">
          <reporter-output>
          </reporter-output>
        </test-method> <!-- reporttearDown -->
      </class> <!-- tests.Registereduser -->
    </test> <!-- Default test -->
  </suite> <!-- Default suite -->
</testng-results>
